Reading netlist file: "/home/loksart/Documents/project_github/fpga_projects/or_gate/impl/gwsynthesis/or_gate.vg"
Parsing netlist file "/home/loksart/Documents/project_github/fpga_projects/or_gate/impl/gwsynthesis/or_gate.vg" completed
Processing netlist completed
Reading constraint file: "/home/loksart/Documents/project_github/fpga_projects/or_gate/src/or_gate.cst"
Physical Constraint parsed completed
Running placement......
[10%] Placement Phase 0 completed
[20%] Placement Phase 1 completed
[30%] Placement Phase 2 completed
[50%] Placement Phase 3 completed
Running routing......
[60%] Routing Phase 0 completed
[70%] Routing Phase 1 completed
[80%] Routing Phase 2 completed
[90%] Routing Phase 3 completed
Running timing analysis......
[95%] Timing analysis completed
Placement and routing completed
Bitstream generation in progress......
Bitstream generation completed
Running power analysis......
[100%] Power analysis completed
Generate file "/home/loksart/Documents/project_github/fpga_projects/or_gate/impl/pnr/or_gate.power.html" completed
Generate file "/home/loksart/Documents/project_github/fpga_projects/or_gate/impl/pnr/or_gate.pin.html" completed
Generate file "/home/loksart/Documents/project_github/fpga_projects/or_gate/impl/pnr/or_gate.rpt.html" completed
Generate file "/home/loksart/Documents/project_github/fpga_projects/or_gate/impl/pnr/or_gate.rpt.txt" completed
Generate file "/home/loksart/Documents/project_github/fpga_projects/or_gate/impl/pnr/or_gate.tr.html" completed
Mon May 19 16:16:13 2025

