Reading netlist file: "/home/loksart/Documents/fpga/fpga_project/and_gate/impl/gwsynthesis/and_gate.vg"
Parsing netlist file "/home/loksart/Documents/fpga/fpga_project/and_gate/impl/gwsynthesis/and_gate.vg" completed
Processing netlist completed
Reading constraint file: "/home/loksart/Documents/fpga/fpga_project/and_gate/src/and_gate.cst"
Physical Constraint parsed completed
Running placement......
[10%] Placement Phase 0 completed
[20%] Placement Phase 1 completed
[30%] Placement Phase 2 completed
[50%] Placement Phase 3 completed
Running routing......
[60%] Routing Phase 0 completed
[70%] Routing Phase 1 completed
[80%] Routing Phase 2 completed
[90%] Routing Phase 3 completed
Running timing analysis......
[95%] Timing analysis completed
Placement and routing completed
Bitstream generation in progress......
Bitstream generation completed
Running power analysis......
[100%] Power analysis completed
Generate file "/home/loksart/Documents/fpga/fpga_project/and_gate/impl/pnr/and_gate.power.html" completed
Generate file "/home/loksart/Documents/fpga/fpga_project/and_gate/impl/pnr/and_gate.pin.html" completed
Generate file "/home/loksart/Documents/fpga/fpga_project/and_gate/impl/pnr/and_gate.rpt.html" completed
Generate file "/home/loksart/Documents/fpga/fpga_project/and_gate/impl/pnr/and_gate.rpt.txt" completed
Generate file "/home/loksart/Documents/fpga/fpga_project/and_gate/impl/pnr/and_gate.tr.html" completed
Mon May 19 16:08:53 2025

